<?xml version="1.0" encoding="UTF-8"?>
<!-- Generated by org.testng.reporters.JUnitXMLReporter -->
<testsuite ignored="0" hostname="Adi" failures="0" tests="9" name="Test" time="65.252" errors="0" timestamp="2025-08-29T11:58:25 IST">
  <testcase classname="Questions.Q2" name="f" time="8.01"/>
  <testcase classname="Questions.Q3" name="f" time="17.019"/>
  <testcase classname="Questions.Q4" name="f" time="2.824"/>
  <testcase classname="Questions.Q5" name="f" time="4.738"/>
  <testcase classname="Questions.Q1" name="f" time="3.188"/>
  <testcase classname="Questions.Q6" name="f" time="5.595"/>
  <testcase classname="Questions.Q7" name="f" time="7.056"/>
  <testcase classname="Questions.Q8" name="f" time="3.92"/>
  <testcase classname="Questions.Q9" name="f" time="2.829"/>
</testsuite> <!-- Test -->
