<?xml version="1.0" encoding="UTF-8"?>
<!-- Generated by org.testng.reporters.JUnitXMLReporter -->
<testsuite ignored="0" hostname="Adi" failures="0" tests="9" name="Test" time="66.465" errors="0" timestamp="2025-08-29T12:08:52 IST">
  <testcase classname="Questions.Q2" name="f" time="7.619"/>
  <testcase classname="Questions.Q3" name="f" time="17.921"/>
  <testcase classname="Questions.Q4" name="f" time="2.609"/>
  <testcase classname="Questions.Q5" name="f" time="4.709"/>
  <testcase classname="Questions.Q1" name="f" time="3.113"/>
  <testcase classname="Questions.Q6" name="f" time="5.652"/>
  <testcase classname="Questions.Q7" name="f" time="5.613"/>
  <testcase classname="Questions.Q8" name="f" time="4.161"/>
  <testcase classname="Questions.Q9" name="f" time="2.588"/>
</testsuite> <!-- Test -->
