<?xml version="1.0" encoding="UTF-8"?>
<testng-results ignored="0" total="9" passed="9" failed="0" skipped="0">
  <reporter-output>
  </reporter-output>
  <suite started-at="2025-08-29T12:07:46 IST" name="Suite" finished-at="2025-08-29T12:08:52 IST" duration-ms="66465">
    <groups>
    </groups>
    <test started-at="2025-08-29T12:07:46 IST" name="Test" finished-at="2025-08-29T12:08:52 IST" duration-ms="66465">
      <class name="Questions.Q6">
        <test-method signature="f()[pri:0, instance:Questions.Q6@3e694b3f]" started-at="2025-08-29T12:08:25 IST" name="f" finished-at="2025-08-29T12:08:31 IST" duration-ms="5652" status="PASS">
          <reporter-output>
          </reporter-output>
        </test-method> <!-- f -->
      </class> <!-- Questions.Q6 -->
      <class name="Questions.Q7">
        <test-method signature="f()[pri:0, instance:Questions.Q7@1bb5a082]" started-at="2025-08-29T12:08:31 IST" name="f" finished-at="2025-08-29T12:08:36 IST" duration-ms="5613" status="PASS">
          <reporter-output>
          </reporter-output>
        </test-method> <!-- f -->
      </class> <!-- Questions.Q7 -->
      <class name="Questions.Q4">
        <test-method signature="f()[pri:0, instance:Questions.Q4@34123d65]" started-at="2025-08-29T12:08:14 IST" name="f" finished-at="2025-08-29T12:08:17 IST" duration-ms="2609" status="PASS">
          <reporter-output>
          </reporter-output>
        </test-method> <!-- f -->
      </class> <!-- Questions.Q4 -->
      <class name="Questions.Q5">
        <test-method signature="f()[pri:0, instance:Questions.Q5@59474f18]" started-at="2025-08-29T12:08:17 IST" name="f" finished-at="2025-08-29T12:08:22 IST" duration-ms="4709" status="PASS">
          <reporter-output>
          </reporter-output>
        </test-method> <!-- f -->
      </class> <!-- Questions.Q5 -->
      <class name="Questions.Q2">
        <test-method signature="f()[pri:0, instance:Questions.Q2@4ec4f3a0]" started-at="2025-08-29T12:07:46 IST" name="f" finished-at="2025-08-29T12:07:54 IST" duration-ms="7619" status="PASS">
          <reporter-output>
          </reporter-output>
        </test-method> <!-- f -->
      </class> <!-- Questions.Q2 -->
      <class name="Questions.Q3">
        <test-method is-config="true" signature="setup()[pri:0, instance:Questions.Q3@4802796d]" started-at="2025-08-29T12:07:54 IST" name="setup" finished-at="2025-08-29T12:07:56 IST" duration-ms="2168" status="PASS">
          <reporter-output>
          </reporter-output>
        </test-method> <!-- setup -->
        <test-method signature="f()[pri:0, instance:Questions.Q3@4802796d]" started-at="2025-08-29T12:07:56 IST" name="f" finished-at="2025-08-29T12:08:14 IST" duration-ms="17921" status="PASS">
          <reporter-output>
          </reporter-output>
        </test-method> <!-- f -->
        <test-method is-config="true" signature="close()[pri:0, instance:Questions.Q3@4802796d]" started-at="2025-08-29T12:08:14 IST" name="close" finished-at="2025-08-29T12:08:14 IST" duration-ms="703" status="PASS">
          <reporter-output>
          </reporter-output>
        </test-method> <!-- close -->
      </class> <!-- Questions.Q3 -->
      <class name="Questions.Q1">
        <test-method signature="f()[pri:0, instance:Questions.Q1@65fb9ffc]" started-at="2025-08-29T12:08:22 IST" name="f" finished-at="2025-08-29T12:08:25 IST" duration-ms="3113" status="PASS">
          <reporter-output>
          </reporter-output>
        </test-method> <!-- f -->
      </class> <!-- Questions.Q1 -->
      <class name="Questions.Q8">
        <test-method is-config="true" signature="setup()[pri:0, instance:Questions.Q8@78691363]" started-at="2025-08-29T12:08:36 IST" name="setup" finished-at="2025-08-29T12:08:38 IST" duration-ms="1977" status="PASS">
          <reporter-output>
          </reporter-output>
        </test-method> <!-- setup -->
        <test-method signature="f()[pri:0, instance:Questions.Q8@78691363]" started-at="2025-08-29T12:08:38 IST" name="f" finished-at="2025-08-29T12:08:42 IST" duration-ms="4161" status="PASS">
          <reporter-output>
          </reporter-output>
        </test-method> <!-- f -->
        <test-method is-config="true" signature="close()[pri:0, instance:Questions.Q8@78691363]" started-at="2025-08-29T12:08:42 IST" name="close" finished-at="2025-08-29T12:08:47 IST" duration-ms="4780" status="PASS">
          <reporter-output>
          </reporter-output>
        </test-method> <!-- close -->
      </class> <!-- Questions.Q8 -->
      <class name="Questions.Q9">
        <test-method is-config="true" signature="setup()[pri:0, instance:Questions.Q9@41d477ed]" started-at="2025-08-29T12:08:47 IST" name="setup" finished-at="2025-08-29T12:08:49 IST" duration-ms="2131" status="PASS">
          <reporter-output>
          </reporter-output>
        </test-method> <!-- setup -->
        <test-method signature="f()[pri:0, instance:Questions.Q9@41d477ed]" started-at="2025-08-29T12:08:49 IST" name="f" finished-at="2025-08-29T12:08:52 IST" duration-ms="2588" status="PASS">
          <reporter-output>
          </reporter-output>
        </test-method> <!-- f -->
        <test-method is-config="true" signature="close()[pri:0, instance:Questions.Q9@41d477ed]" started-at="2025-08-29T12:08:52 IST" name="close" finished-at="2025-08-29T12:08:52 IST" duration-ms="532" status="PASS">
          <reporter-output>
          </reporter-output>
        </test-method> <!-- close -->
      </class> <!-- Questions.Q9 -->
    </test> <!-- Test -->
  </suite> <!-- Suite -->
</testng-results>
