<?xml version="1.0" encoding="UTF-8"?>
<testng-results ignored="0" total="9" passed="9" failed="0" skipped="0">
  <reporter-output>
  </reporter-output>
  <suite started-at="2025-08-29T11:57:19 IST" name="Suite" finished-at="2025-08-29T11:58:25 IST" duration-ms="65252">
    <groups>
    </groups>
    <test started-at="2025-08-29T11:57:19 IST" name="Test" finished-at="2025-08-29T11:58:25 IST" duration-ms="65252">
      <class name="Questions.Q6">
        <test-method signature="f()[pri:0, instance:Questions.Q6@75db5df9]" started-at="2025-08-29T11:57:59 IST" name="f" finished-at="2025-08-29T11:58:04 IST" duration-ms="5595" status="PASS">
          <reporter-output>
          </reporter-output>
        </test-method> <!-- f -->
      </class> <!-- Questions.Q6 -->
      <class name="Questions.Q7">
        <test-method signature="f()[pri:0, instance:Questions.Q7@707194ba]" started-at="2025-08-29T11:58:04 IST" name="f" finished-at="2025-08-29T11:58:11 IST" duration-ms="7056" status="PASS">
          <reporter-output>
          </reporter-output>
        </test-method> <!-- f -->
      </class> <!-- Questions.Q7 -->
      <class name="Questions.Q4">
        <test-method signature="f()[pri:0, instance:Questions.Q4@5aebe890]" started-at="2025-08-29T11:57:48 IST" name="f" finished-at="2025-08-29T11:57:51 IST" duration-ms="2824" status="PASS">
          <reporter-output>
          </reporter-output>
        </test-method> <!-- f -->
      </class> <!-- Questions.Q4 -->
      <class name="Questions.Q5">
        <test-method signature="f()[pri:0, instance:Questions.Q5@65d09a04]" started-at="2025-08-29T11:57:51 IST" name="f" finished-at="2025-08-29T11:57:56 IST" duration-ms="4738" status="PASS">
          <reporter-output>
          </reporter-output>
        </test-method> <!-- f -->
      </class> <!-- Questions.Q5 -->
      <class name="Questions.Q2">
        <test-method signature="f()[pri:0, instance:Questions.Q2@5dda768f]" started-at="2025-08-29T11:57:19 IST" name="f" finished-at="2025-08-29T11:57:27 IST" duration-ms="8010" status="PASS">
          <reporter-output>
          </reporter-output>
        </test-method> <!-- f -->
      </class> <!-- Questions.Q2 -->
      <class name="Questions.Q3">
        <test-method is-config="true" signature="setup()[pri:0, instance:Questions.Q3@4961f6af]" started-at="2025-08-29T11:57:27 IST" name="setup" finished-at="2025-08-29T11:57:30 IST" duration-ms="2351" status="PASS">
          <reporter-output>
          </reporter-output>
        </test-method> <!-- setup -->
        <test-method signature="f()[pri:0, instance:Questions.Q3@4961f6af]" started-at="2025-08-29T11:57:30 IST" name="f" finished-at="2025-08-29T11:57:47 IST" duration-ms="17019" status="PASS">
          <reporter-output>
          </reporter-output>
        </test-method> <!-- f -->
        <test-method is-config="true" signature="close()[pri:0, instance:Questions.Q3@4961f6af]" started-at="2025-08-29T11:57:47 IST" name="close" finished-at="2025-08-29T11:57:48 IST" duration-ms="1247" status="PASS">
          <reporter-output>
          </reporter-output>
        </test-method> <!-- close -->
      </class> <!-- Questions.Q3 -->
      <class name="Questions.Q1">
        <test-method signature="f()[pri:0, instance:Questions.Q1@33c911a1]" started-at="2025-08-29T11:57:56 IST" name="f" finished-at="2025-08-29T11:57:59 IST" duration-ms="3188" status="PASS">
          <reporter-output>
          </reporter-output>
        </test-method> <!-- f -->
      </class> <!-- Questions.Q1 -->
      <class name="Questions.Q8">
        <test-method is-config="true" signature="setup()[pri:0, instance:Questions.Q8@1190200a]" started-at="2025-08-29T11:58:11 IST" name="setup" finished-at="2025-08-29T11:58:14 IST" duration-ms="2384" status="PASS">
          <reporter-output>
          </reporter-output>
        </test-method> <!-- setup -->
        <test-method signature="f()[pri:0, instance:Questions.Q8@1190200a]" started-at="2025-08-29T11:58:14 IST" name="f" finished-at="2025-08-29T11:58:18 IST" duration-ms="3920" status="PASS">
          <reporter-output>
          </reporter-output>
        </test-method> <!-- f -->
        <test-method is-config="true" signature="close()[pri:0, instance:Questions.Q8@1190200a]" started-at="2025-08-29T11:58:18 IST" name="close" finished-at="2025-08-29T11:58:18 IST" duration-ms="621" status="PASS">
          <reporter-output>
          </reporter-output>
        </test-method> <!-- close -->
      </class> <!-- Questions.Q8 -->
      <class name="Questions.Q9">
        <test-method is-config="true" signature="setup()[pri:0, instance:Questions.Q9@6a2f6f80]" started-at="2025-08-29T11:58:18 IST" name="setup" finished-at="2025-08-29T11:58:21 IST" duration-ms="2576" status="PASS">
          <reporter-output>
          </reporter-output>
        </test-method> <!-- setup -->
        <test-method signature="f()[pri:0, instance:Questions.Q9@6a2f6f80]" started-at="2025-08-29T11:58:21 IST" name="f" finished-at="2025-08-29T11:58:24 IST" duration-ms="2829" status="PASS">
          <reporter-output>
          </reporter-output>
        </test-method> <!-- f -->
        <test-method is-config="true" signature="close()[pri:0, instance:Questions.Q9@6a2f6f80]" started-at="2025-08-29T11:58:24 IST" name="close" finished-at="2025-08-29T11:58:25 IST" duration-ms="676" status="PASS">
          <reporter-output>
          </reporter-output>
        </test-method> <!-- close -->
      </class> <!-- Questions.Q9 -->
    </test> <!-- Test -->
  </suite> <!-- Suite -->
</testng-results>
